Running: C:\Xilinx\14.7\ISE_DS\ISE\bin\nt64\unwrapped\fuse.exe -intstyle ise -incremental -o C:/Users/beck/projects/neander-vhdl/placa1/testbench1_isim_beh.exe -prj C:/Users/beck/projects/neander-vhdl/placa1/testbench1_beh.prj work.testbench1 
ISim P.20131013 (signature 0x7708f090)
Number of CPUs detected in this system: 8
Turning on mult-threading, number of parallel sub-compilation jobs: 16 
Determining compilation order of HDL files
WARNING:Simulator:1010 - One or more environment variables have been detected which affect the operation of the C compiler. These are typically not set in standard installations and are not tested by Xilinx, however they may be appropriate for your system, so the flow will attempt to continue.  If errors occur, try running fuse with the "-mt off -v 1" switches to see more information from the C compiler. The following environment variables have been detected:
Parsing VHDL file "C:/Users/beck/projects/neander-vhdl/placa1/ipcore_dir/mem1.vhd" into library work
Parsing VHDL file "C:/Users/beck/projects/neander-vhdl/placa1/neander.vhd" into library work
Parsing VHDL file "C:/Users/beck/projects/neander-vhdl/placa1/testbench1.vhd" into library work
Starting static elaboration
Completed static elaboration
Compiling package standard
Compiling package std_logic_1164
Compiling package numeric_std
Compiling package textio
Compiling package std_logic_arith
Compiling package std_logic_unsigned
Compiling package std_logic_textio
Compiling architecture output_stage_behavioral of entity BLK_MEM_GEN_V7_3_output_stage [\BLK_MEM_GEN_V7_3_output_stage("...]
Compiling architecture softecc_output_reg_stage_behavioral of entity BLK_MEM_GEN_V7_3_softecc_output_reg_stage [\BLK_MEM_GEN_V7_3_softecc_output...]
Compiling architecture mem_module_behavioral of entity BLK_MEM_GEN_V7_3_mem_module [\BLK_MEM_GEN_V7_3_mem_module("bl...]
Compiling architecture behavioral of entity BLK_MEM_GEN_V7_3 [\BLK_MEM_GEN_V7_3("blk_mem_gen_v...]
Compiling architecture mem1_a of entity mem1 [mem1_default]
Compiling architecture behavioral of entity neander [neander_default]
Compiling architecture behavior of entity testbench1
Time Resolution for simulation is 1ps.
Waiting for 1 sub-compilation(s) to finish...
WARNING:Simulator - Unable to copy libPortabilityNOSH.dll to the simulation executable directory: boost::filesystem::copy_file: The system cannot find the path specified, "isim\testbench1_isim_beh.exe.sim\libPortability.dll".
Compiled 20 VHDL Units
Built simulation executable C:/Users/beck/projects/neander-vhdl/placa1/testbench1_isim_beh.exe
Fuse Memory Usage: 40920 KB
Fuse CPU Usage: 656 ms
