--------------------------------------------------------------------------------
Release 14.7 Trace  (nt64)
Copyright (c) 1995-2013 Xilinx, Inc.  All rights reserved.

C:\Xilinx\14.7\ISE_DS\ISE\bin\nt64\unwrapped\trce.exe -intstyle ise -v 3 -s 5
-n 3 -fastpaths -xml neander.twx neander.ncd -o neander.twr neander.pcf

Design file:              neander.ncd
Physical constraint file: neander.pcf
Device,package,speed:     xc3s100e,vq100,-5 (PRODUCTION 1.27 2013-10-13)
Report level:             verbose report

Environment Variable      Effect 
--------------------      ------ 
NONE                      No environment variables were set
--------------------------------------------------------------------------------

INFO:Timing:2698 - No timing constraints found, doing default enumeration.
INFO:Timing:3412 - To improve timing, see the Timing Closure User Guide (UG612).
INFO:Timing:2752 - To get complete path coverage, use the unconstrained paths 
   option. All paths that are not constrained will be reported in the 
   unconstrained paths section(s) of the report.
INFO:Timing:3339 - The clock-to-out numbers in this timing report are based on 
   a 50 Ohm transmission line loading model.  For the details of this model, 
   and for more information on accounting for different loading conditions, 
   please see the device datasheet.
INFO:Timing:3390 - This architecture does not support a default System Jitter 
   value, please add SYSTEM_JITTER constraint to the UCF to modify the Clock 
   Uncertainty calculation.
INFO:Timing:3389 - This architecture does not support 'Discrete Jitter' and 
   'Phase Error' calculations, these terms will be zero in the Clock 
   Uncertainty calculation.  Please make appropriate modification to 
   SYSTEM_JITTER to account for the unsupported Discrete Jitter and Phase 
   Error.



Data Sheet report:
-----------------
All values displayed in nanoseconds (ns)

Clock clk to Pad
------------+------------+------------------+--------+
            | clk (edge) |                  | Clock  |
Destination |   to PAD   |Internal Clock(s) | Phase  |
------------+------------+------------------+--------+
outAC<0>    |    7.621(R)|clk_BUFGP         |   0.000|
outAC<1>    |    7.373(R)|clk_BUFGP         |   0.000|
outAC<2>    |    7.715(R)|clk_BUFGP         |   0.000|
outAC<3>    |    7.527(R)|clk_BUFGP         |   0.000|
outAC<4>    |    7.418(R)|clk_BUFGP         |   0.000|
outAC<5>    |    7.753(R)|clk_BUFGP         |   0.000|
outAC<6>    |    7.557(R)|clk_BUFGP         |   0.000|
outAC<7>    |    8.499(R)|clk_BUFGP         |   0.000|
outHalt     |    9.810(R)|clk_BUFGP         |   0.000|
outPC<0>    |    7.833(R)|clk_BUFGP         |   0.000|
outPC<1>    |    7.887(R)|clk_BUFGP         |   0.000|
outPC<2>    |    7.704(R)|clk_BUFGP         |   0.000|
outPC<3>    |    7.793(R)|clk_BUFGP         |   0.000|
outPC<4>    |    7.328(R)|clk_BUFGP         |   0.000|
outPC<5>    |    7.608(R)|clk_BUFGP         |   0.000|
outPC<6>    |    7.397(R)|clk_BUFGP         |   0.000|
outPC<7>    |    7.197(R)|clk_BUFGP         |   0.000|
outRI<0>    |    8.230(R)|clk_BUFGP         |   0.000|
outRI<1>    |    8.331(R)|clk_BUFGP         |   0.000|
outRI<2>    |    7.729(R)|clk_BUFGP         |   0.000|
outRI<3>    |    8.689(R)|clk_BUFGP         |   0.000|
------------+------------+------------------+--------+

Clock to Setup on destination clock clk
---------------+---------+---------+---------+---------+
               | Src:Rise| Src:Fall| Src:Rise| Src:Fall|
Source Clock   |Dest:Rise|Dest:Rise|Dest:Fall|Dest:Fall|
---------------+---------+---------+---------+---------+
clk            |    7.946|         |         |         |
---------------+---------+---------+---------+---------+


Analysis completed Thu Jul 27 20:53:12 2023 
--------------------------------------------------------------------------------

Trace Settings:
-------------------------
Trace Settings 

Peak Memory Usage: 4503 MB



